dia
hora
pruebafecha
fecha
pasado mañana
mañana
ayer
semana que viene
semana próxima
semana proxima
semana siguiente
siguiente semana
mes que viene
mes siguiente
año siguiente
próximo año
mes próximo
mes proximo
proximo año
proximo mes
próximo mes
próxima semana
proxima semana
próximo día
próximo dia
proximo día
proximo dia
lunes
martes
miércoles
miercoles
jueves
viernes
sábado
sabado
domingo
en una semana
dentro de una semana
dentro de dos semanas
en dos semanas
dentro de un mes
en un mes
año próximo
año proximo
día
